<?xml version="1.0" encoding="UTF-8"?>
<testsuite name="com.example.soar.CaseManagementTest" tests="2" skipped="0" failures="0" errors="0" timestamp="2026-03-25T23:15:44.175Z" hostname="mitch-mbp14.local" time="0.098">
  <properties/>
  <testcase name="testCloseCase()" classname="com.example.soar.CaseManagementTest" time="0.093"/>
  <testcase name="testCreateCase()" classname="com.example.soar.CaseManagementTest" time="0.004"/>
  <system-out><![CDATA[]]></system-out>
  <system-err><![CDATA[]]></system-err>
</testsuite>
