<?xml version="1.0" encoding="UTF-8"?>
<testsuite name="com.example.soar.BankingServiceTest" tests="2" skipped="0" failures="0" errors="0" timestamp="2026-03-25T23:15:44.782Z" hostname="mitch-mbp14.local" time="0.097">
  <properties/>
  <testcase name="testFreezeAccount()" classname="com.example.soar.BankingServiceTest" time="0.092"/>
  <testcase name="testAccountLookup()" classname="com.example.soar.BankingServiceTest" time="0.004"/>
  <system-out><![CDATA[]]></system-out>
  <system-err><![CDATA[]]></system-err>
</testsuite>
