<?xml version="1.0" encoding="UTF-8"?>
<testsuite name="com.example.soar.FraudDetectionTest" tests="4" skipped="0" failures="0" errors="0" timestamp="2026-03-25T23:15:45.354Z" hostname="mitch-mbp14.local" time="0.087">
  <properties/>
  <testcase name="testCriticalFraud()" classname="com.example.soar.FraudDetectionTest" time="0.079"/>
  <testcase name="testCountryMismatch()" classname="com.example.soar.FraudDetectionTest" time="0.001"/>
  <testcase name="testLowAmountInternalTransaction()" classname="com.example.soar.FraudDetectionTest" time="0.002"/>
  <testcase name="testHighAmountTransaction()" classname="com.example.soar.FraudDetectionTest" time="0.001"/>
  <system-out><![CDATA[]]></system-out>
  <system-err><![CDATA[]]></system-err>
</testsuite>
